Seed: /home/laix/Study/Traitor/trait-fuzzer/mutation_crossfeature/selfcheck/seeds/borrow_expected.rs
Operator Key: lifetime_1
Operator Name: local_borrow_conversion
Target Type: S
Target Trait: None
Baseline Status: SUCCESS
Mutated Status: SUCCESS
Mutated Duration: 0.1587s

=== baseline (stable) ===
Status: SUCCESS
Return code: 0
Stdout:

Stderr:


=== baseline (nightly) ===
Status: SUCCESS
Return code: 0
Stdout:

Stderr:


=== baseline (next) ===
Status: SUCCESS
Return code: 0
Stdout:

Stderr:


=== mutated (stable) ===
Status: SUCCESS
Return code: 0
Stdout:

Stderr:


=== mutated (nightly) ===
Status: SUCCESS
Return code: 0
Stdout:

Stderr:


=== mutated (next) ===
Status: SUCCESS
Return code: 0
Stdout:

Stderr:

