Seed: /home/laix/Study/Traitor/trait-fuzzer/mutation_crossfeature/selfcheck/all_ops/seeds/const_1/seed.rs
Operator Key: const_1
Operator Name: associated_constant_injection
Target Type: S
Target Trait: Tr
Baseline Status: SUCCESS
Mutated Status: SUCCESS
Mutated Duration: 0.1582s

=== baseline (stable) ===
Status: SUCCESS
Return code: 0
Stdout:

Stderr:


=== baseline (nightly) ===
Status: SUCCESS
Return code: 0
Stdout:

Stderr:


=== baseline (next) ===
Status: SUCCESS
Return code: 0
Stdout:

Stderr:


=== mutated (stable) ===
Status: SUCCESS
Return code: 0
Stdout:

Stderr:


=== mutated (nightly) ===
Status: SUCCESS
Return code: 0
Stdout:

Stderr:


=== mutated (next) ===
Status: SUCCESS
Return code: 0
Stdout:

Stderr:

